\BOOKMARK [0][-]{chapter*.1}{Remerciements}{}% 1
\BOOKMARK [0][-]{chapter*.2}{Table des mati\350res}{}% 2
\BOOKMARK [0][-]{chapter*.3}{Liste des figures}{}% 3
\BOOKMARK [0][-]{chapter*.4}{Liste des tableaux}{}% 4
\BOOKMARK [0][-]{chapter*.6}{Liste des acronymes}{}% 5
\BOOKMARK [0][-]{chapter*.8}{Glossaire}{}% 6
\BOOKMARK [0][-]{chapter*.9}{Introduction g\351n\351rale}{}% 7
\BOOKMARK [0][-]{chapter.1}{PRESENTATION DE LA POLYCLINIQUE UNIVERSITAIRE NEXT}{}% 8
\BOOKMARK [1][-]{section.1.1}{Historique}{chapter.1}% 9
\BOOKMARK [1][-]{section.1.2}{Localisation et information sur le complex hospitalier}{chapter.1}% 10
\BOOKMARK [1][-]{section.1.3}{Plan hospitalier}{chapter.1}% 11
\BOOKMARK [0][-]{chapter.2}{Mod\351lisation statique et dynamique du syst\350me}{}% 12
\BOOKMARK [1][-]{section.2.1}{Introduction}{chapter.2}% 13
\BOOKMARK [1][-]{section.2.2}{Analyse de fonctionnement de l'h\364pital}{chapter.2}% 14
\BOOKMARK [1][-]{section.2.3}{Diagrame de cas d'utilisation}{chapter.2}% 15
\BOOKMARK [1][-]{section.2.4}{diagramme de s\351quence}{chapter.2}% 16
\BOOKMARK [1][-]{section.2.5}{Diagramme de classe de l'application}{chapter.2}% 17
\BOOKMARK [0][-]{chapter.3}{Programmation et r\351alisation du logiciel}{}% 18
\BOOKMARK [0][-]{chapter.4}{Mod\351lisation de la base de donne}{}% 19
\BOOKMARK [1][-]{section.4.1}{Introduction}{chapter.4}% 20
\BOOKMARK [1][-]{section.4.2}{Le framwork Laravel}{chapter.4}% 21
\BOOKMARK [0][-]{chapter.5}{Programmation et r\351alisation du logiciel}{}% 22
\BOOKMARK [1][-]{section.5.1}{Introduction}{chapter.5}% 23
\BOOKMARK [1][-]{section.5.2}{Les Syst\350mes de Gestion de Base de Donn\351es \(SGBD\)}{chapter.5}% 24
\BOOKMARK [1][-]{section.5.3}{Les langages de programmation}{chapter.5}% 25
\BOOKMARK [1][-]{section.5.4}{Conception}{chapter.5}% 26
